<?xml version="1.0" encoding="UTF-8"?>
<!-- Generated by org.testng.reporters.JUnitReportReporter -->
<testsuite hostname="CXA-VN-L-0032.local" failures="0" tests="1" name="test_cases.RegistrationTest" time="90.839" errors="0" timestamp="29 Mar 2021 00:22:16 GMT" skipped="0">
  <testcase classname="test_cases.RegistrationTest" name="TC01" time="90.839"/>
</testsuite> <!-- test_cases.RegistrationTest -->
