<?xml version="1.0" encoding="UTF-8"?>
<!-- Generated by org.testng.reporters.JUnitReportReporter -->
<testsuite hostname="CXA-VN-L-0032.local" failures="0" tests="1" name="test_cases.LoginTest" time="64.444" errors="0" timestamp="27 Mar 2021 10:37:04 GMT" skipped="0">
  <testcase classname="test_cases.LoginTest" name="TC01" time="64.444"/>
</testsuite> <!-- test_cases.LoginTest -->
